<?xml version="1.0" encoding="UTF-8"?>
<testsuite xmlns:xsi="http://www.w3.org/2001/XMLSchema-instance" xsi:noNamespaceSchemaLocation="https://maven.apache.org/surefire/maven-surefire-plugin/xsd/surefire-test-report.xsd" name="order.OrderCreateTests" time="6.384" tests="4" errors="0" skipped="0" failures="1">
  <properties>
[...]
</properties>
  <testcase name="orderCreateAfterAuthorizationTest" classname="order.OrderCreateTests" time="3.454"/>
  <testcase name="orderCreateAfterAuthorizationIncorrectIngredientHashErrorTest" classname="order.OrderCreateTests" time="1.196"/>
  <testcase name="orderCreateAfterAuthorizationWithoutIngredientsErrorTest" classname="order.OrderCreateTests" time="1.077"/>
  <testcase name="orderCreateWithoutAuthorizationErrorTest" classname="order.OrderCreateTests" time="0.645">
    <failure message="1 expectation failed.&#10;Expected status code one of {&lt;301&gt;, &lt;301&gt;, &lt;303&gt;, &lt;307&gt;} but was &lt;200&gt;.&#10;" type="java.lang.AssertionError"><![CDATA[java.lang.AssertionError: 
1 expectation failed.
Expected status code one of {<301>, <301>, <303>, <307>} but was <200>.

	at order.OrderCreateTests.orderCreateWithoutAuthorizationErrorTest(OrderCreateTests.java:92)
]]></failure>
    <system-out><![CDATA[Request method:	POST
Request URI:	https://stellarburgers.nomoreparties.site/api/auth/register
Proxy:			<none>
Request params:	<none>
Query params:	<none>
Form params:	<none>
Path params:	<none>
Headers:		Accept=*/*
				Content-Type=application/json
Cookies:		<none>
Multiparts:		<none>
Body:
{
    "email": "carmelita.abbott@example.com",
    "password": "4Y6FwD#",
    "name": "Gr?ma Wormtongue"
}
Request method:	GET
Request URI:	https://stellarburgers.nomoreparties.site/api/ingredients
Proxy:			<none>
Request params:	<none>
Query params:	<none>
Form params:	<none>
Path params:	<none>
Headers:		Accept=*/*
				Content-Type=application/json
Cookies:		<none>
Multiparts:		<none>
Body:			<none>
Request method:	GET
Request URI:	https://stellarburgers.nomoreparties.site/api/ingredients
Proxy:			<none>
Request params:	<none>
Query params:	<none>
Form params:	<none>
Path params:	<none>
Headers:		Accept=*/*
				Content-Type=application/json
Cookies:		<none>
Multiparts:		<none>
Body:			<none>
Request method:	GET
Request URI:	https://stellarburgers.nomoreparties.site/api/ingredients
Proxy:			<none>
Request params:	<none>
Query params:	<none>
Form params:	<none>
Path params:	<none>
Headers:		Accept=*/*
				Content-Type=application/json
Cookies:		<none>
Multiparts:		<none>
Body:			<none>
Request method:	POST
Request URI:	https://stellarburgers.nomoreparties.site/api/orders
Proxy:			<none>
Request params:	<none>
Query params:	<none>
Form params:	<none>
Path params:	<none>
Headers:		Accept=*/*
				Content-Type=application/json
Cookies:		<none>
Multiparts:		<none>
Body:
{
    "ingredients": [
        "61c0c5a71d1f82001bdaaa6f",
        "61c0c5a71d1f82001bdaaa70",
        "61c0c5a71d1f82001bdaaa71"
    ]
}
HTTP/1.1 200 OK
Server: nginx/1.18.0 (Ubuntu)
Date: Sat, 25 Jan 2025 17:38:19 GMT
Content-Type: application/json; charset=utf-8
Content-Length: 138
Connection: keep-alive
X-Powered-By: Express
Access-Control-Allow-Origin: *
ETag: W/"8a-1Q4DZPCFABfxmq4uJxIQ3j8Nic4"

{
    "success": true,
    "name": "Бессмертный метеоритный био-марсианский бургер",
    "order": {
        "number": 4740
    }
}
]]></system-out>
  </testcase>
</testsuite>